For map #1, the visible buildings are numbered as follows:
9 3 1 6 2 7

For map #2, the visible buildings are numbered as follows:
39 31 28 35 21 38 43 12 6 46 41 47 27 22 29 34 10 48 32 11 45 19 30 49 42 18 44 4 9 40 36 23

For map #3, the visible buildings are numbered as follows:
10 62 58 25 52 42 34 46 12 17 64 29 41 26 23 48 60 39 56 65 47 43 54 63 61 3

For map #4, the visible buildings are numbered as follows:
71 44 67 65 49 40 36 69 32 51 35 66 68 54 48 37 4 42 39 13 34 61 70 29 25 60 47 56 53 22 7 59 43 50 31

For map #5, the visible buildings are numbered as follows:
84 83 15 53 82 68 87 57 86 37 8 80 39 62 60 40 33 55 16 36 38 21 81 85 77

For map #6, the visible buildings are numbered as follows:
59 46 44 51 30 45 49 62 21 15 31 20 4 55 42 38 32 11 23 8 39 6 53 5 64 29 57 52 58 50 47

For map #7, the visible buildings are numbered as follows:
50 19 44 6 34 15 37 51 45 55 47 29 59 33 12 14 4 38 10 8 5 11 49 54

For map #8, the visible buildings are numbered as follows:
54 46 73 40 43 76 63 2 21 67 70 48 55 35 78 7 51 57 42 62 36 79 6 77 64 69 74 61 39 52 45 71 59 75 53

For map #9, the visible buildings are numbered as follows:
21 2 16 33 8 30 28 23 25 34 1 3 20 29 32 11 31

For map #10, the visible buildings are numbered as follows:
48 10 45 42 30 54 24 41 43 50 53 52 31 21 36 26 3 38 51 44 47 33 34 49

For map #11, the visible buildings are numbered as follows:
32 71 64 69 67 53 60 36 17 8 72 15 58 56 34 66 13 35 52 65 48 41 6 38 20 42 63 40 45 44 50 27 46 57 47 25 9 55 70

For map #12, the visible buildings are numbered as follows:
44 47 25 51 31 14 46 9 40 28 24 39 13 1 35 45 21 42 48 29 26 38 23 53 52 37 32 17 43 22

For map #13, the visible buildings are numbered as follows:
66 90 65 85 92 81 79 3 62 26 53 45 61 22 20 88 73 80 82 5 77 17 11 29 46 68 48 87 55 69 54 40 27 8 34 35

For map #14, the visible buildings are numbered as follows:
32 33 17 23 14 28 19 18 5 7 25 35 29 21 8

For map #15, the visible buildings are numbered as follows:
27 18 28 16 23 22 15 5 4 9 26 3 25 20 17 12

For map #16, the visible buildings are numbered as follows:
14 10 5 2 12 7 6 8 1 3 9

For map #17, the visible buildings are numbered as follows:
3 2 5 6 4 1

For map #18, the visible buildings are numbered as follows:
84 70 55 59 47 38 67 86 87 64 88 43 79 74 56 20 53 52 35 15 37 89 75 82 2 69 76 9 60 21 66 54

For map #19, the visible buildings are numbered as follows:
31 66 55 65 72 64 62 41 49 57 37 40 48 36 61 52 45 46 25 32 24 16 20 8 26 2 28 3 59 73 6 69 44 11

For map #20, the visible buildings are numbered as follows:
65 43 57 64 62 47 94 61 75 63 39 90 56 38 73 28 51 89 88 77 68 78 5 70 79 50 45 29 31 84 71 92 54

For map #21, the visible buildings are numbered as follows:
35 15 55 57 24 44 43 16 34 14 42 19 49 46 20 3 18 25 13 4 29 59 45 41 27 51 32 50 23 21 47

For map #22, the visible buildings are numbered as follows:
54 39 58 66 48 11 64 14 53 43 65 47 13 62 50 70 51 55 41 18 63 42 35 28 20 25

For map #23, the visible buildings are numbered as follows:
53 83 36 85 81 59 86 80 37 33 10 19 47 71 63 6 34 23 17 76 1 5 56 50 82 84 69 75 4

For map #24, the visible buildings are numbered as follows:
35 27 21 44 37 41 33 14 8 28 46 36 18 11 13 32 25 38 26 4 39 22 43 6 24 2 5 40 31 16

For map #25, the visible buildings are numbered as follows:
2 1 3

For map #26, the visible buildings are numbered as follows:
44 25 22 41 40 39 34 43 37 15 38 24 31 28 17 8 3 30 7 12 42 29 33 4

For map #27, the visible buildings are numbered as follows:
23 16 13 33 5 18 12 6 28 31 14 7 2 22

For map #28, the visible buildings are numbered as follows:
69 55 51 85 45 35 77 70 86 64 63 28 41 38 62 10 3 4 66 80 30 2 87 21 59 48 78 57 49 42 14 37 65 25 43 72

For map #29, the visible buildings are numbered as follows:
67 64 75 55 74 68 60 59 57 54 50 35 77 53 49 20 13 17 4 19 36 7 65 37 48 46 61 72 3 69 39 40 21

For map #30, the visible buildings are numbered as follows:
64 50 32 41 8 63 76 4 59 34 48 60 73 12 29 74 55 1 77 40 72 31 16 24 71 19 68 26 3 53 20 49 67 65

For map #31, the visible buildings are numbered as follows:
74 100 33 99 88 83 75 96 47 78 77 91 48 80 60 19 87 22 6 93 98 76 89 71 53 86 65

For map #32, the visible buildings are numbered as follows:
2 29 33 30 38 37 40 17 25 20 7 21 35 9 23 3 32 27 4 31 12 36 24

For map #33, the visible buildings are numbered as follows:
57 43 58 32 3 14 59 54 41 50 48 47 55 8 15 46 35 29 42 52 60 39 38 53 61 27 44

For map #34, the visible buildings are numbered as follows:
63 21 57 39 59 50 31 51 40 38 26 25 53 64 52 37 5 35 60 65 32 16 55 28 66 62 47 56 24 20 54 49

For map #35, the visible buildings are numbered as follows:
3 13 7 12 8 16 2 5 6 11 15 10 1 17 4 9

For map #36, the visible buildings are numbered as follows:
62 67 43 25 82 66 54 52 50 48 1 28 21 38 83 42 63 71 74 49 47 2 40 53 86 73 57 24 84 70 27 46 36 44 16 11 64 41 31 34 19 45 69 77 80

For map #37, the visible buildings are numbered as follows:
38 29 21 35 30 47 9 40 23 48 17 25 45 31 5 14 24 4 1 8 3 13 39

For map #38, the visible buildings are numbered as follows:
14 8 20 2 15 12 9 4 16 11 7 19 5 3

For map #39, the visible buildings are numbered as follows:
49 55 89 52 77 46 81 93 72 85 67 71 12 14 57 50 48 69 42 30 64 28 26 86 8 41 16 61 35 54 82 90 76 83 47 92

For map #40, the visible buildings are numbered as follows:
44 57 67 41 37 40 33 26 64 21 53 60 32 14 18 65 30 23 28 52 25 7 13

For map #41, the visible buildings are numbered as follows:
27 31 36 19 54 42 55 17 25 50 37 9 29 62 45 33 15 52 57 39 40 60 59 13 48 47 46 61

For map #42, the visible buildings are numbered as follows:
33 15 52 28 21 34 27 45 38 23 14 8 13 51 11 32 29 30 3 24 37 4 22 35 17 36 47 54 26

For map #43, the visible buildings are numbered as follows:
52 54 17 67 45 19 71 60 50 38 10 4 51 64 72 36 49 28 1 70 25 61 31 16 57

For map #44, the visible buildings are numbered as follows:
8 6 9 3 1 7 4 2

For map #45, the visible buildings are numbered as follows:
1 24 13 7 15 22 18 5 16

For map #46, the visible buildings are numbered as follows:
50 36 34 40 19 44 52 31 32 30 15 41 28 43 42 24 53 21 11 51 13 14 25

For map #47, the visible buildings are numbered as follows:
38 30 37 39 29 24 32 8 10 4 14 15 23 13 35 27 20 31

For map #48, the visible buildings are numbered as follows:
3 2 1

For map #49, the visible buildings are numbered as follows:
3 5 2 4 1

For map #50, the visible buildings are numbered as follows:
24 17 31 16 6 5 10 1 9 19 2 29 11 22 27 13 15 32 4 14 3 28 25 21 23 8

For map #51, the visible buildings are numbered as follows:
73 48 55 72 47 41 63 1 54 60 25 56 8 9 58 75 53 22 19 45 62 18 5 69 14

For map #52, the visible buildings are numbered as follows:
9 55 18 30 57 51 50 15 32 7 19 56 54 6 14 47 40 27 26 25 4 49 34 21 44 58 42 45 41 43 53 59 33 20 3

For map #53, the visible buildings are numbered as follows:
54 38 31 28 2 11 18 25 44 41 49 16 45 50 24 5 3 42 9 19 40 39 17 34 13 29 59 53 47 20 55

For map #54, the visible buildings are numbered as follows:
94 86 72 67 43 80 66 83 75 58 32 62 74 87 41 98 77 23 96 85 63 81 59 40 26 71 78 79 89 57 17 53 2 73 65 93 49 14

For map #55, the visible buildings are numbered as follows:
30 18 31 25 33 6 21 32 1 20 27 23 29 9 5 7 11 28 10 14 12 22

For map #56, the visible buildings are numbered as follows:
84 32 48 27 72 79 60 34 58 51 4 17 5 43 61 18 82 77 62 66 78 70 80 52 21 59 38 47 63

For map #57, the visible buildings are numbered as follows:
27 75 54 5 71 60 66 57 62 58 10 65 22 31 26 1 39 64 53 21 52 29 50 11 28 4 36 32 34 41 45 67 55 72 61 59 16 56 40

For map #58, the visible buildings are numbered as follows:
54 62 40 57 56 22 65 46 30 25 61 53 43 33 19 45 8 36 64 32 9 44 31 42 50 1 55 49 47 20 17 2 52 34 48 29 59

For map #59, the visible buildings are numbered as follows:
9 51 34 43 42 38 28 60 23 53 44 36 21 50 48 54

For map #60, the visible buildings are numbered as follows:
16 86 70 19 62 58 49 80 63 83 30 34 28 1 68 15 11 31 74 84 55 64 20 66 45 50 76 81 47 56 60 53 52 78 67 75 57

For map #61, the visible buildings are numbered as follows:
1 2

For map #62, the visible buildings are numbered as follows:
34 33 12 10 13 2 18 78 17 30 40 77 41 49 36 73 65 53 75 64 72 74 79 58 29 37 11 9 7 47 15 69 54 38 57 43 59 46 71 44 76

For map #63, the visible buildings are numbered as follows:
68 33 48 13 35 67 27 45 71 64 65 37 58 10 36 24 63 20 59 43 14 9 53 52 38 40 28 22 46 12 41 39 60 62 55 49 42 47

For map #64, the visible buildings are numbered as follows:
58 26 69 21 64 44 37 41 31 60 39 65 56 2 48 17 40 42 52 18 63 59 43 27 61 47

For map #65, the visible buildings are numbered as follows:
51 42 31 27 50 57 53 60 55 28 61 54 46 59 2 49 9 44 56 26 16 22 41 5 14 23 12 1 17 3 18 33
